# JRE version: Java(TM) SE Runtime Environment (8.0_40-b26) (build 1.8.0_40-b26)
# Java VM: Java HotSpot(TM) 64-Bit Server VM (25.40-b25 mixed mode windows-amd64 compressed oops)
Heap:
 PSYoungGen      total 356352K, used 163534K [0x00000000d5b00000, 0x00000000f0d80000, 0x0000000100000000)
  eden space 287744K, 34% used [0x00000000d5b00000,0x00000000dbc50620,0x00000000e7400000)
  from space 68608K, 93% used [0x00000000ebf80000,0x00000000efde32f0,0x00000000f0280000)
  to   space 77312K, 0% used [0x00000000e7400000,0x00000000e7400000,0x00000000ebf80000)
 ParOldGen       total 338944K, used 186167K [0x0000000081000000, 0x0000000095b00000, 0x00000000d5b00000)
  object space 338944K, 54% used [0x0000000081000000,0x000000008c5cdd20,0x0000000095b00000)
 Metaspace       used 51064K, capacity 53522K, committed 53632K, reserved 1095680K
  class space    used 6192K, capacity 6985K, committed 7040K, reserved 1048576K
GC Heap History (10 events):
Event: 34.841 GC heap before
{Heap before GC invocations=16 (full 3):
 PSYoungGen      total 242688K, used 198285K [0x00000000d5b00000, 0x00000000e9a80000, 0x0000000100000000)
  eden space 172544K, 100% used [0x00000000d5b00000,0x00000000e0380000,0x00000000e0380000)
  from space 70144K, 36% used [0x00000000e5600000,0x00000000e6f23740,0x00000000e9a80000)
  to   space 77312K, 0% used [0x00000000e0380000,0x00000000e0380000,0x00000000e4f00000)
 ParOldGen       total 238080K, used 169346K [0x0000000081000000, 0x000000008f880000, 0x00000000d5b00000)
  object space 238080K, 71% used [0x0000000081000000,0x000000008b560820,0x000000008f880000)
 Metaspace       used 49846K, capacity 52288K, committed 52608K, reserved 1095680K
  class space    used 6110K, capacity 6918K, committed 7040K, reserved 1048576K
Event: 34.938 GC heap after
Heap after GC invocations=16 (full 3):
 PSYoungGen      total 249856K, used 37240K [0x00000000d5b00000, 0x00000000ed300000, 0x0000000100000000)
  eden space 172544K, 0% used [0x00000000d5b00000,0x00000000d5b00000,0x00000000e0380000)
  from space 77312K, 48% used [0x00000000e0380000,0x00000000e27de118,0x00000000e4f00000)
  to   space 75264K, 0% used [0x00000000e8980000,0x00000000e8980000,0x00000000ed300000)
 ParOldGen       total 238080K, used 193809K [0x0000000081000000, 0x000000008f880000, 0x00000000d5b00000)
  object space 238080K, 81% used [0x0000000081000000,0x000000008cd44578,0x000000008f880000)
 Metaspace       used 49846K, capacity 52288K, committed 52608K, reserved 1095680K
  class space    used 6110K, capacity 6918K, committed 7040K, reserved 1048576K
}
Event: 37.557 GC heap before
{Heap before GC invocations=17 (full 3):
 PSYoungGen      total 249856K, used 209784K [0x00000000d5b00000, 0x00000000ed300000, 0x0000000100000000)
  eden space 172544K, 100% used [0x00000000d5b00000,0x00000000e0380000,0x00000000e0380000)
  from space 77312K, 48% used [0x00000000e0380000,0x00000000e27de118,0x00000000e4f00000)
  to   space 75264K, 0% used [0x00000000e8980000,0x00000000e8980000,0x00000000ed300000)
 ParOldGen       total 238080K, used 193809K [0x0000000081000000, 0x000000008f880000, 0x00000000d5b00000)
  object space 238080K, 81% used [0x0000000081000000,0x000000008cd44578,0x000000008f880000)
 Metaspace       used 49866K, capacity 52288K, committed 52608K, reserved 1095680K
  class space    used 6110K, capacity 6918K, committed 7040K, reserved 1048576K
Event: 37.658 GC heap after
Heap after GC invocations=17 (full 3):
 PSYoungGen      total 298496K, used 26265K [0x00000000d5b00000, 0x00000000eca00000, 0x0000000100000000)
  eden space 232448K, 0% used [0x00000000d5b00000,0x00000000d5b00000,0x00000000e3e00000)
  from space 66048K, 39% used [0x00000000e8980000,0x00000000ea326770,0x00000000eca00000)
  to   space 71680K, 0% used [0x00000000e3e00000,0x00000000e3e00000,0x00000000e8400000)
 ParOldGen       total 238080K, used 228044K [0x0000000081000000, 0x000000008f880000, 0x00000000d5b00000)
  object space 238080K, 95% used [0x0000000081000000,0x000000008eeb3138,0x000000008f880000)
 Metaspace       used 49866K, capacity 52288K, committed 52608K, reserved 1095680K
  class space    used 6110K, capacity 6918K, committed 7040K, reserved 1048576K
}
Event: 37.658 GC heap before
{Heap before GC invocations=18 (full 4):
 PSYoungGen      total 298496K, used 26265K [0x00000000d5b00000, 0x00000000eca00000, 0x0000000100000000)
  eden space 232448K, 0% used [0x00000000d5b00000,0x00000000d5b00000,0x00000000e3e00000)
  from space 66048K, 39% used [0x00000000e8980000,0x00000000ea326770,0x00000000eca00000)
  to   space 71680K, 0% used [0x00000000e3e00000,0x00000000e3e00000,0x00000000e8400000)
 ParOldGen       total 238080K, used 228044K [0x0000000081000000, 0x000000008f880000, 0x00000000d5b00000)
  object space 238080K, 95% used [0x0000000081000000,0x000000008eeb3138,0x000000008f880000)
 Metaspace       used 49866K, capacity 52288K, committed 52608K, reserved 1095680K
  class space    used 6110K, capacity 6918K, committed 7040K, reserved 1048576K
Event: 38.452 GC heap after
Heap after GC invocations=18 (full 4):
 PSYoungGen      total 298496K, used 0K [0x00000000d5b00000, 0x00000000eca00000, 0x0000000100000000)
  eden space 232448K, 0% used [0x00000000d5b00000,0x00000000d5b00000,0x00000000e3e00000)
  from space 66048K, 0% used [0x00000000e8980000,0x00000000e8980000,0x00000000eca00000)
  to   space 71680K, 0% used [0x00000000e3e00000,0x00000000e3e00000,0x00000000e8400000)
 ParOldGen       total 338944K, used 186151K [0x0000000081000000, 0x0000000095b00000, 0x00000000d5b00000)
  object space 338944K, 54% used [0x0000000081000000,0x000000008c5c9d20,0x0000000095b00000)
 Metaspace       used 49866K, capacity 52288K, committed 52608K, reserved 1095680K
  class space    used 6110K, capacity 6918K, committed 7040K, reserved 1048576K
}
Event: 87.570 GC heap before
{Heap before GC invocations=19 (full 4):
 PSYoungGen      total 298496K, used 232448K [0x00000000d5b00000, 0x00000000eca00000, 0x0000000100000000)
  eden space 232448K, 100% used [0x00000000d5b00000,0x00000000e3e00000,0x00000000e3e00000)
  from space 66048K, 0% used [0x00000000e8980000,0x00000000e8980000,0x00000000eca00000)
  to   space 71680K, 0% used [0x00000000e3e00000,0x00000000e3e00000,0x00000000e8400000)
 ParOldGen       total 338944K, used 186151K [0x0000000081000000, 0x0000000095b00000, 0x00000000d5b00000)
  object space 338944K, 54% used [0x0000000081000000,0x000000008c5c9d20,0x0000000095b00000)
 Metaspace       used 50456K, capacity 52844K, committed 53120K, reserved 1095680K
  class space    used 6153K, capacity 6952K, committed 7040K, reserved 1048576K
Event: 87.611 GC heap after
Heap after GC invocations=19 (full 4):
 PSYoungGen      total 304128K, used 33781K [0x00000000d5b00000, 0x00000000f0280000, 0x0000000100000000)
  eden space 232448K, 0% used [0x00000000d5b00000,0x00000000d5b00000,0x00000000e3e00000)
  from space 71680K, 47% used [0x00000000e3e00000,0x00000000e5efd5a0,0x00000000e8400000)
  to   space 68608K, 0% used [0x00000000ebf80000,0x00000000ebf80000,0x00000000f0280000)
 ParOldGen       total 338944K, used 186159K [0x0000000081000000, 0x0000000095b00000, 0x00000000d5b00000)
  object space 338944K, 54% used [0x0000000081000000,0x000000008c5cbd20,0x0000000095b00000)
 Metaspace       used 50456K, capacity 52844K, committed 53120K, reserved 1095680K
  class space    used 6153K, capacity 6952K, committed 7040K, reserved 1048576K
}
Event: 94.987 GC heap before
{Heap before GC invocations=20 (full 4):
 PSYoungGen      total 304128K, used 266229K [0x00000000d5b00000, 0x00000000f0280000, 0x0000000100000000)
  eden space 232448K, 100% used [0x00000000d5b00000,0x00000000e3e00000,0x00000000e3e00000)
  from space 71680K, 47% used [0x00000000e3e00000,0x00000000e5efd5a0,0x00000000e8400000)
  to   space 68608K, 0% used [0x00000000ebf80000,0x00000000ebf80000,0x00000000f0280000)
 ParOldGen       total 338944K, used 186159K [0x0000000081000000, 0x0000000095b00000, 0x00000000d5b00000)
  object space 338944K, 54% used [0x0000000081000000,0x000000008c5cbd20,0x0000000095b00000)
 Metaspace       used 50661K, capacity 53138K, committed 53376K, reserved 1095680K
  class space    used 6180K, capacity 6985K, committed 7040K, reserved 1048576K
Event: 95.076 GC heap after
Heap after GC invocations=20 (full 4):
 PSYoungGen      total 356352K, used 63884K [0x00000000d5b00000, 0x00000000f0d80000, 0x0000000100000000)
  eden space 287744K, 0% used [0x00000000d5b00000,0x00000000d5b00000,0x00000000e7400000)
  from space 68608K, 93% used [0x00000000ebf80000,0x00000000efde32f0,0x00000000f0280000)
  to   space 77312K, 0% used [0x00000000e7400000,0x00000000e7400000,0x00000000ebf80000)
 ParOldGen       total 338944K, used 186167K [0x0000000081000000, 0x0000000095b00000, 0x00000000d5b00000)
  object space 338944K, 54% used [0x0000000081000000,0x000000008c5cdd20,0x0000000095b00000)
 Metaspace       used 50661K, capacity 53138K, committed 53376K, reserved 1095680K
  class space    used 6180K, capacity 6985K, committed 7040K, reserved 1048576K
}

