# JRE version: Java(TM) SE Runtime Environment (8.0_40-b26) (build 1.8.0_40-b26)
# Java VM: Java HotSpot(TM) 64-Bit Server VM (25.40-b25 mixed mode windows-amd64 compressed oops)
Heap:
 PSYoungGen      total 277504K, used 246640K [0x00000000d5b00000, 0x00000000f1000000, 0x0000000100000000)
  eden space 170496K, 87% used [0x00000000d5b00000,0x00000000ded34280,0x00000000e0180000)
  from space 107008K, 90% used [0x00000000e0180000,0x00000000e6028020,0x00000000e6a00000)
  to   space 120832K, 0% used [0x00000000e9a00000,0x00000000e9a00000,0x00000000f1000000)
 ParOldGen       total 259072K, used 144195K [0x0000000081000000, 0x0000000090d00000, 0x00000000d5b00000)
  object space 259072K, 55% used [0x0000000081000000,0x0000000089cd0f08,0x0000000090d00000)
 Metaspace       used 50973K, capacity 53490K, committed 53632K, reserved 1095680K
  class space    used 6214K, capacity 7017K, committed 7040K, reserved 1048576K
GC Heap History (10 events):
Event: 17.362 GC heap before
{Heap before GC invocations=14 (full 3):
 PSYoungGen      total 172544K, used 129513K [0x00000000d5b00000, 0x00000000e8600000, 0x0000000100000000)
  eden space 115200K, 100% used [0x00000000d5b00000,0x00000000dcb80000,0x00000000dcb80000)
  from space 57344K, 24% used [0x00000000e1880000,0x00000000e267a508,0x00000000e5080000)
  to   space 78848K, 0% used [0x00000000dcb80000,0x00000000dcb80000,0x00000000e1880000)
 ParOldGen       total 259072K, used 129787K [0x0000000081000000, 0x0000000090d00000, 0x00000000d5b00000)
  object space 259072K, 50% used [0x0000000081000000,0x0000000088ebeef8,0x0000000090d00000)
 Metaspace       used 46538K, capacity 48856K, committed 49152K, reserved 1091584K
  class space    used 5783K, capacity 6548K, committed 6656K, reserved 1048576K
Event: 17.437 GC heap after
Heap after GC invocations=14 (full 3):
 PSYoungGen      total 194048K, used 37671K [0x00000000d5b00000, 0x00000000e8600000, 0x0000000100000000)
  eden space 115200K, 0% used [0x00000000d5b00000,0x00000000d5b00000,0x00000000dcb80000)
  from space 78848K, 47% used [0x00000000dcb80000,0x00000000df049fe8,0x00000000e1880000)
  to   space 77312K, 0% used [0x00000000e3a80000,0x00000000e3a80000,0x00000000e8600000)
 ParOldGen       total 259072K, used 129819K [0x0000000081000000, 0x0000000090d00000, 0x00000000d5b00000)
  object space 259072K, 50% used [0x0000000081000000,0x0000000088ec6ef8,0x0000000090d00000)
 Metaspace       used 46538K, capacity 48856K, committed 49152K, reserved 1091584K
  class space    used 5783K, capacity 6548K, committed 6656K, reserved 1048576K
}
Event: 19.670 GC heap before
{Heap before GC invocations=15 (full 3):
 PSYoungGen      total 194048K, used 151882K [0x00000000d5b00000, 0x00000000e8600000, 0x0000000100000000)
  eden space 115200K, 99% used [0x00000000d5b00000,0x00000000dca88a00,0x00000000dcb80000)
  from space 78848K, 47% used [0x00000000dcb80000,0x00000000df049fe8,0x00000000e1880000)
  to   space 77312K, 0% used [0x00000000e3a80000,0x00000000e3a80000,0x00000000e8600000)
 ParOldGen       total 259072K, used 129819K [0x0000000081000000, 0x0000000090d00000, 0x00000000d5b00000)
  object space 259072K, 50% used [0x0000000081000000,0x0000000088ec6ef8,0x0000000090d00000)
 Metaspace       used 47619K, capacity 49880K, committed 50048K, reserved 1093632K
  class space    used 5911K, capacity 6665K, committed 6784K, reserved 1048576K
Event: 19.752 GC heap after
Heap after GC invocations=15 (full 3):
 PSYoungGen      total 222720K, used 58247K [0x00000000d5b00000, 0x00000000e8f80000, 0x0000000100000000)
  eden space 145408K, 0% used [0x00000000d5b00000,0x00000000d5b00000,0x00000000de900000)
  from space 77312K, 75% used [0x00000000e3a80000,0x00000000e7361c20,0x00000000e8600000)
  to   space 83456K, 0% used [0x00000000de900000,0x00000000de900000,0x00000000e3a80000)
 ParOldGen       total 259072K, used 134987K [0x0000000081000000, 0x0000000090d00000, 0x00000000d5b00000)
  object space 259072K, 52% used [0x0000000081000000,0x00000000893d2ef8,0x0000000090d00000)
 Metaspace       used 47619K, capacity 49880K, committed 50048K, reserved 1093632K
  class space    used 5911K, capacity 6665K, committed 6784K, reserved 1048576K
}
Event: 22.503 GC heap before
{Heap before GC invocations=16 (full 3):
 PSYoungGen      total 222720K, used 203555K [0x00000000d5b00000, 0x00000000e8f80000, 0x0000000100000000)
  eden space 145408K, 99% used [0x00000000d5b00000,0x00000000de8e70c8,0x00000000de900000)
  from space 77312K, 75% used [0x00000000e3a80000,0x00000000e7361c20,0x00000000e8600000)
  to   space 83456K, 0% used [0x00000000de900000,0x00000000de900000,0x00000000e3a80000)
 ParOldGen       total 259072K, used 134987K [0x0000000081000000, 0x0000000090d00000, 0x00000000d5b00000)
  object space 259072K, 52% used [0x0000000081000000,0x00000000893d2ef8,0x0000000090d00000)
 Metaspace       used 49229K, capacity 51642K, committed 51712K, reserved 1093632K
  class space    used 6079K, capacity 6881K, committed 6912K, reserved 1048576K
Event: 22.605 GC heap after
Heap after GC invocations=16 (full 3):
 PSYoungGen      total 228864K, used 70233K [0x00000000d5b00000, 0x00000000ec400000, 0x0000000100000000)
  eden space 145408K, 0% used [0x00000000d5b00000,0x00000000d5b00000,0x00000000de900000)
  from space 83456K, 84% used [0x00000000de900000,0x00000000e2d96790,0x00000000e3a80000)
  to   space 92160K, 0% used [0x00000000e6a00000,0x00000000e6a00000,0x00000000ec400000)
 ParOldGen       total 259072K, used 144179K [0x0000000081000000, 0x0000000090d00000, 0x00000000d5b00000)
  object space 259072K, 55% used [0x0000000081000000,0x0000000089cccf08,0x0000000090d00000)
 Metaspace       used 49229K, capacity 51642K, committed 51712K, reserved 1093632K
  class space    used 6079K, capacity 6881K, committed 6912K, reserved 1048576K
}
Event: 30.560 GC heap before
{Heap before GC invocations=17 (full 3):
 PSYoungGen      total 228864K, used 215641K [0x00000000d5b00000, 0x00000000ec400000, 0x0000000100000000)
  eden space 145408K, 100% used [0x00000000d5b00000,0x00000000de900000,0x00000000de900000)
  from space 83456K, 84% used [0x00000000de900000,0x00000000e2d96790,0x00000000e3a80000)
  to   space 92160K, 0% used [0x00000000e6a00000,0x00000000e6a00000,0x00000000ec400000)
 ParOldGen       total 259072K, used 144179K [0x0000000081000000, 0x0000000090d00000, 0x00000000d5b00000)
  object space 259072K, 55% used [0x0000000081000000,0x0000000089cccf08,0x0000000090d00000)
 Metaspace       used 50044K, capacity 52626K, committed 52864K, reserved 1095680K
  class space    used 6149K, capacity 6985K, committed 7040K, reserved 1048576K
Event: 30.671 GC heap after
Heap after GC invocations=17 (full 3):
 PSYoungGen      total 262656K, used 91080K [0x00000000d5b00000, 0x00000000edd00000, 0x0000000100000000)
  eden space 170496K, 0% used [0x00000000d5b00000,0x00000000d5b00000,0x00000000e0180000)
  from space 92160K, 98% used [0x00000000e6a00000,0x00000000ec2f2198,0x00000000ec400000)
  to   space 107008K, 0% used [0x00000000e0180000,0x00000000e0180000,0x00000000e6a00000)
 ParOldGen       total 259072K, used 144187K [0x0000000081000000, 0x0000000090d00000, 0x00000000d5b00000)
  object space 259072K, 55% used [0x0000000081000000,0x0000000089ccef08,0x0000000090d00000)
 Metaspace       used 50044K, capacity 52626K, committed 52864K, reserved 1095680K
  class space    used 6149K, capacity 6985K, committed 7040K, reserved 1048576K
}
Event: 57.912 GC heap before
{Heap before GC invocations=18 (full 3):
 PSYoungGen      total 262656K, used 261576K [0x00000000d5b00000, 0x00000000edd00000, 0x0000000100000000)
  eden space 170496K, 100% used [0x00000000d5b00000,0x00000000e0180000,0x00000000e0180000)
  from space 92160K, 98% used [0x00000000e6a00000,0x00000000ec2f2198,0x00000000ec400000)
  to   space 107008K, 0% used [0x00000000e0180000,0x00000000e0180000,0x00000000e6a00000)
 ParOldGen       total 259072K, used 144187K [0x0000000081000000, 0x0000000090d00000, 0x00000000d5b00000)
  object space 259072K, 55% used [0x0000000081000000,0x0000000089ccef08,0x0000000090d00000)
 Metaspace       used 50579K, capacity 53138K, committed 53376K, reserved 1095680K
  class space    used 6182K, capacity 6985K, committed 7040K, reserved 1048576K
Event: 58.021 GC heap after
Heap after GC invocations=18 (full 3):
 PSYoungGen      total 277504K, used 96928K [0x00000000d5b00000, 0x00000000f1000000, 0x0000000100000000)
  eden space 170496K, 0% used [0x00000000d5b00000,0x00000000d5b00000,0x00000000e0180000)
  from space 107008K, 90% used [0x00000000e0180000,0x00000000e6028020,0x00000000e6a00000)
  to   space 120832K, 0% used [0x00000000e9a00000,0x00000000e9a00000,0x00000000f1000000)
 ParOldGen       total 259072K, used 144195K [0x0000000081000000, 0x0000000090d00000, 0x00000000d5b00000)
  object space 259072K, 55% used [0x0000000081000000,0x0000000089cd0f08,0x0000000090d00000)
 Metaspace       used 50579K, capacity 53138K, committed 53376K, reserved 1095680K
  class space    used 6182K, capacity 6985K, committed 7040K, reserved 1048576K
}

